2025-02-18 22:16:37 [INFO] AnycubicPhotonWorkshop start!
2025-02-18 22:16:37 [INFO] argc:  2
2025-02-18 22:16:37 [WARN] "C:/Program Files/AnycubicPhotonWorkshop"
2025-02-18 22:16:37 [WARN] Successfully init crashpad
2025-02-18 22:16:37 [WARN] Unable to enumerate family ' "Alibaba PuHuiTi 3.0 55 Regular L3" '
2025-02-18 22:16:37 [WARN] Unable to enumerate family ' "Alibaba PuHuiTi 3.0 95 ExtraBold" '
2025-02-18 22:16:37 [INFO] ctk manager plugins:  "C:/Program Files/AnycubicPhotonWorkshop/plugins/"
2025-02-18 22:16:37 [INFO] Load plugin org.commontk.eventadmin success.
2025-02-18 22:16:37 [INFO] [Install Plugin] "C:/Program Files/AnycubicPhotonWorkshop/plugins/splashwindow.dll"
2025-02-18 22:16:37 [INFO] Install Plugin Success!
2025-02-18 22:16:37 [WARN] Unable to enumerate family ' "Alibaba PuHuiTi 3.0 55 Regular L3" '
2025-02-18 22:16:37 [WARN] Unable to enumerate family ' "Alibaba PuHuiTi 3.0 95 ExtraBold" '
2025-02-18 22:16:38 [INFO] [Install Plugin] "C:/Program Files/AnycubicPhotonWorkshop/plugins/printer.dll"
2025-02-18 22:16:38 [INFO] Install Plugin Success!
2025-02-18 22:16:38 [FATAL] readDataFromFile (C:/Program Files/AnycubicPhotonWorkshop/machine_type/Anycubic Photon Mono M7.pwsp) is error.
2025-02-18 22:16:38 [FATAL] loadFactoryMachine factory market Anycubic Photon Mono M7 msg retcode -1, msg retmsg: 
2025-02-18 22:16:38 [WARN] loadMachineResin currentPrinter(Anycubic Photon Mono X) init success.
2025-02-18 22:16:38 [INFO] loadMachineParamRange is success.
2025-02-18 22:16:38 [INFO] loadMachineResinType is success.
2025-02-18 22:16:38 [INFO] loadMachineResinName is success.
2025-02-18 22:16:38 [INFO] [Install Plugin] "C:/Program Files/AnycubicPhotonWorkshop/plugins/mainwindow.dll"
2025-02-18 22:16:38 [INFO] Install Plugin Success!
2025-02-18 22:16:38 [INFO] "current server is testserver. 0"
2025-02-18 22:16:38 [INFO] QVariant(QByteArray, "mqtt.anycubic.com")
2025-02-18 22:16:38 [INFO] QVariant(QByteArray, "mqtt-universe.anycubic.com")
2025-02-18 22:16:38 [INFO] QVariant(QByteArray, "8883")
2025-02-18 22:16:38 [INFO] QVariant(QByteArray, "8883")
2025-02-18 22:16:38 [INFO] "environment_url is https://workbentch.s3.us-east-2.amazonaws.com/workshop/environment.ini"
2025-02-18 22:16:38 [INFO] QmlFactory 0.025 s
2025-02-18 22:16:38 [INFO] [Install Plugin] "C:/Program Files/AnycubicPhotonWorkshop/plugins/autoupdater.dll"
2025-02-18 22:16:38 [INFO] Install Plugin Success!
2025-02-18 22:16:38 [INFO] [Install Plugin] "C:/Program Files/AnycubicPhotonWorkshop/plugins/gareport.dll"
2025-02-18 22:16:38 [INFO] Install Plugin Success!
2025-02-18 22:16:38 [INFO] [Install Plugin] "C:/Program Files/AnycubicPhotonWorkshop/plugins/accloud.dll"
2025-02-18 22:16:38 [INFO] Install Plugin Success!
2025-02-18 22:16:38 [WARN] void __cdecl ACCloudNetRequest::init(void), cn_server = mqtt.anycubic.com, cn_server_port = 8883, en_server = mqtt-universe.anycubic.com, en_server_port = 8883, url = https://cloud-universe.anycubic.com/p/p/workbench/api
2025-02-18 22:16:38 [WARN] CountriesDataModel::setCurrCountryIdn, newCurrCountryIdn = AU
2025-02-18 22:16:38 [WARN] void __cdecl ACCloudNetRequest::getCountries(void)
2025-02-18 22:16:38 [WARN] void __cdecl ACCloudNetRequest::getPrintCtrlCodeReasons(void)
2025-02-18 22:16:38 [WARN] ACCloudManager::ACCloudManager, cloud model, build_time = 2024-04-26 17:28:45, git_brance = feat/casdoor, git_hash = 6b20758, git_commit = 2024-04-26
2025-02-18 22:16:38 [INFO] [Install Plugin] "C:/Program Files/AnycubicPhotonWorkshop/plugins/facegen.dll"
2025-02-18 22:16:38 [INFO] Install Plugin Success!
2025-02-18 22:16:38 [WARN] Translation::changedSystemLanguage, language = 0
2025-02-18 22:16:38 [WARN] register  GizmoController
2025-02-18 22:16:39 [WARN] enableMenuShortcut menushort cut: 0
2025-02-18 22:16:39 [INFO] uiState:  false
2025-02-18 22:16:39 [WARN] enableMenuShortcut menushort cut: 0
2025-02-18 22:16:39 [WARN] QFSFileEngine::open: No file name specified
2025-02-18 22:16:39 [WARN] Cannot open file '', because: No file name specified
2025-02-18 22:16:39 [WARN] QFSFileEngine::open: No file name specified
2025-02-18 22:16:39 [WARN] Cannot open file '', because: No file name specified
2025-02-18 22:16:39 [WARN] QFSFileEngine::open: No file name specified
2025-02-18 22:16:39 [WARN] Cannot open file '', because: No file name specified
2025-02-18 22:16:39 [WARN] QFSFileEngine::open: No file name specified
2025-02-18 22:16:39 [WARN] Cannot open file '', because: No file name specified
2025-02-18 22:16:39 [WARN] QFSFileEngine::open: No file name specified
2025-02-18 22:16:39 [WARN] Cannot open file '', because: No file name specified
2025-02-18 22:16:39 [WARN] QFSFileEngine::open: No file name specified
2025-02-18 22:16:39 [WARN] Cannot open file '', because: No file name specified
2025-02-18 22:16:39 [WARN] QFSFileEngine::open: No file name specified
2025-02-18 22:16:39 [WARN] Cannot open file '', because: No file name specified
2025-02-18 22:16:39 [WARN] QFSFileEngine::open: No file name specified
2025-02-18 22:16:39 [WARN] Cannot open file '', because: No file name specified
2025-02-18 22:16:39 [WARN] xChanged 1
2025-02-18 22:16:39 [INFO] event:  "splash_window_visible" data:  QVariant(bool, false) extentionData:  QVariant(Invalid)
2025-02-18 22:16:39 [INFO] event:  "main_load" data:  QVariant(Invalid) extentionData:  QVariant(Invalid)
2025-02-18 22:16:39 [INFO] event:  "main_language_changed" data:  QVariant(int, 0) extentionData:  QVariant(Invalid)
2025-02-18 22:16:39 [INFO] uiState:  true
2025-02-18 22:16:39 [WARN] void __cdecl EventMiniHandlerCallback::event(const struct ReasonResponse *,unsigned int)
2025-02-18 22:16:39 [WARN] creating renderer
2025-02-18 22:16:39 [WARN] printer valid --:  96 60
2025-02-18 22:16:39 [WARN] printer build --:  96 60
2025-02-18 22:16:39 [WARN] deltaX -- :  0
2025-02-18 22:16:39 [WARN] deltaY -- :  0
2025-02-18 22:16:39 [WARN] machine boarder width 2-------------------- 
2025-02-18 22:16:39 [WARN] create planar shadow node
2025-02-18 22:16:39 [WARN] loadGizmoRotationHead OK 576
2025-02-18 22:16:39 [INFO]  camera_manipulator::home
2025-02-18 22:16:39 [INFO]  camera_manipulator::home/ComputeBound
2025-02-18 22:16:39 [INFO]  camera_manipulator::home
2025-02-18 22:16:39 [INFO]  camera_manipulator::home/ComputeBound
2025-02-18 22:16:39 [INFO]  camera_manipulator::home/BoundingSphere
2025-02-18 22:16:39 [INFO]  camera_manipulator::home/udpate_view
2025-02-18 22:16:39 [WARN] GL Verison:  0x1a4d2a600a8
2025-02-18 22:16:39 [WARN] GL Renderer:  0x1a4d2ab7b1c
2025-02-18 22:16:39 [WARN] compile shader program ok
2025-02-18 22:16:39 [WARN] compile shader program ok
2025-02-18 22:16:39 [WARN] compile shader program ok
2025-02-18 22:16:39 [WARN] AnyGizmos::Im3d_Init      LoadCompileShader Ok
2025-02-18 22:16:39 [WARN] AnyGizmos::Im3d_Init   VAO release Ok
2025-02-18 22:16:39 [WARN] void __cdecl ACCloudNetRequest::autoLogin(enum UserInfo::LoginMethod)
2025-02-18 22:16:39 [WARN] void __cdecl ACCloudNetRequest::login(const class QString &,const class QString &,const class QString &,const class QString &,enum UserInfo::LoginMethod)
username = theepicb123@gmail.com, password = Nellie312, country = AU, loginMethod = 0, accountType = 1
2025-02-18 22:16:39 [WARN] QFSFileEngine::open: No file name specified
2025-02-18 22:16:39 [WARN] Cannot open file '', because: No file name specified
2025-02-18 22:16:39 [WARN] QFSFileEngine::open: No file name specified
2025-02-18 22:16:39 [WARN] Cannot open file '', because: No file name specified
2025-02-18 22:16:39 [INFO] event:  "updater_init_compeleted" data:  QVariant(Invalid) extentionData:  QVariant(Invalid)
2025-02-18 22:16:40 [WARN] QFSFileEngine::open: No file name specified
2025-02-18 22:16:40 [WARN] Cannot open file '', because: No file name specified
2025-02-18 22:16:40 [WARN] QFSFileEngine::open: No file name specified
2025-02-18 22:16:40 [WARN] Cannot open file '', because: No file name specified
2025-02-18 22:16:40 [WARN] void __cdecl ACCloudNetRequest::getCountries(void)
2025-02-18 22:16:40 [WARN] void __cdecl ACCloudNetRequest::getPrintCtrlCodeReasons(void)
2025-02-18 22:16:40 [WARN] void __cdecl PrintersDataModel::onReasonResponse(const struct ReasonResponse *,int)
count = 242
2025-02-18 22:16:40 [INFO] event:  "accloud_start_init" data:  QVariant(int, 0) extentionData:  QVariant(int, 0)
2025-02-18 22:16:40 [INFO] parseImportFiles other files: C:\Users\Ethan\Documents\mtg game recoded\MTG-game-recoded\sprites\cards\mat64
2025-02-18 22:16:40 [INFO] parseImportFiles other files: C:\Users\Ethan\Documents\mtg game recoded\MTG-game-recoded\sprites\cards\mat64
2025-02-18 22:16:40 [WARN] QFSFileEngine::open: No file name specified
2025-02-18 22:16:40 [WARN] Cannot open file '', because: No file name specified
2025-02-18 22:16:40 [INFO] uiState:  false
2025-02-18 22:16:40 [WARN] enableMenuShortcut menushort cut: 32
2025-02-18 22:16:40 [INFO] "doReportImportModelResult!"
2025-02-18 22:16:40 [INFO] event:  "ga_report" data:  QVariant(QByteArray, "{\n    \"business\": \"model_prepare\",\n    \"elementContent\": \"Import Files\",\n    \"elementType\": \"BUTTON\",\n    \"event\": \"ImportModelResult\",\n    \"function\": \"import_model\",\n    \"module\": \"menu_bar\",\n    \"printerType\": \"LCD\",\n    \"title\": \"\"\n}\n") extentionData:  QVariant(QByteArray, "{\n    \"importType\": \"4\",\n    \"modelInformation\": [\n        {\n            \"fileName\": \"mat64\",\n            \"fileSize\": 1528519,\n            \"fileType\": \"\",\n            \"isSuccess\": 1\n        }\n    ],\n    \"numberOfModel\": 1\n}\n")
2025-02-18 22:16:40 [INFO] "start check autoUpdater!"
2025-02-18 22:16:40 [INFO] event:  "updater_check" data:  QVariant(Invalid) extentionData:  QVariant(Invalid)
2025-02-18 22:16:40 [INFO] send post data success!
2025-02-18 22:16:40 [WARN] QFSFileEngine::open: No file name specified
2025-02-18 22:16:40 [WARN] Cannot open file '', because: No file name specified
2025-02-18 22:16:40 [WARN] QFSFileEngine::open: No file name specified
2025-02-18 22:16:40 [WARN] Cannot open file '', because: No file name specified
2025-02-18 22:16:40 [WARN] QFSFileEngine::open: No file name specified
2025-02-18 22:16:40 [WARN] Cannot open file '', because: No file name specified
2025-02-18 22:16:40 [WARN] QFSFileEngine::open: No file name specified
2025-02-18 22:16:40 [WARN] Cannot open file '', because: No file name specified
2025-02-18 22:16:40 [WARN] QFSFileEngine::open: No file name specified
2025-02-18 22:16:40 [WARN] Cannot open file '', because: No file name specified
2025-02-18 22:16:40 [WARN] QFSFileEngine::open: No file name specified
2025-02-18 22:16:40 [WARN] Cannot open file '', because: No file name specified
2025-02-18 22:16:40 [WARN] QFSFileEngine::open: No file name specified
2025-02-18 22:16:40 [WARN] Cannot open file '', because: No file name specified
2025-02-18 22:16:40 [WARN] QFSFileEngine::open: No file name specified
2025-02-18 22:16:40 [WARN] Cannot open file '', because: No file name specified
2025-02-18 22:16:40 [WARN] QFSFileEngine::open: No file name specified
2025-02-18 22:16:40 [WARN] Cannot open file '', because: No file name specified
2025-02-18 22:16:40 [WARN] QFSFileEngine::open: No file name specified
2025-02-18 22:16:40 [WARN] Cannot open file '', because: No file name specified
2025-02-18 22:16:40 [WARN] QFSFileEngine::open: No file name specified
2025-02-18 22:16:40 [WARN] Cannot open file '', because: No file name specified
2025-02-18 22:16:40 [WARN] QFSFileEngine::open: No file name specified
2025-02-18 22:16:40 [WARN] Cannot open file '', because: No file name specified
2025-02-18 22:16:40 [WARN] QFSFileEngine::open: No file name specified
2025-02-18 22:16:40 [WARN] Cannot open file '', because: No file name specified
2025-02-18 22:16:40 [WARN] QFSFileEngine::open: No file name specified
2025-02-18 22:16:40 [WARN] Cannot open file '', because: No file name specified
2025-02-18 22:16:40 [WARN] QFSFileEngine::open: No file name specified
2025-02-18 22:16:40 [WARN] Cannot open file '', because: No file name specified
2025-02-18 22:16:40 [WARN] QFSFileEngine::open: No file name specified
2025-02-18 22:16:40 [WARN] Cannot open file '', because: No file name specified
2025-02-18 22:16:40 [WARN] QFSFileEngine::open: No file name specified
2025-02-18 22:16:40 [WARN] Cannot open file '', because: No file name specified
2025-02-18 22:16:40 [WARN] QFSFileEngine::open: No file name specified
2025-02-18 22:16:40 [WARN] Cannot open file '', because: No file name specified
2025-02-18 22:16:40 [WARN] QFSFileEngine::open: No file name specified
2025-02-18 22:16:40 [WARN] Cannot open file '', because: No file name specified
2025-02-18 22:16:40 [WARN] QFSFileEngine::open: No file name specified
2025-02-18 22:16:40 [WARN] Cannot open file '', because: No file name specified
2025-02-18 22:16:40 [WARN] QFSFileEngine::open: No file name specified
2025-02-18 22:16:40 [WARN] Cannot open file '', because: No file name specified
2025-02-18 22:16:40 [WARN] QFSFileEngine::open: No file name specified
2025-02-18 22:16:40 [WARN] Cannot open file '', because: No file name specified
2025-02-18 22:16:40 [WARN] QFSFileEngine::open: No file name specified
2025-02-18 22:16:40 [WARN] Cannot open file '', because: No file name specified
2025-02-18 22:16:40 [WARN] QFSFileEngine::open: No file name specified
2025-02-18 22:16:40 [WARN] Cannot open file '', because: No file name specified
2025-02-18 22:16:40 [WARN] QFSFileEngine::open: No file name specified
2025-02-18 22:16:40 [WARN] Cannot open file '', because: No file name specified
2025-02-18 22:16:40 [WARN] QFSFileEngine::open: No file name specified
2025-02-18 22:16:40 [WARN] Cannot open file '', because: No file name specified
2025-02-18 22:16:40 [INFO] sendData:  "{\n    \"appName\": \"AnycubicPhotonWorkshop_V3.3.2\",\n    \"appVersion\": \"v3.3.2\",\n    \"business\": \"\",\n    \"city\": \"0\",\n    \"country\": \"\xE6\x96\xB0\xE8\xA5\xBF\xE5\x85\xB0\",\n    \"elementContent\": \"\",\n    \"elementType\": \"\",\n    \"eventName\": \"ImportModelResult\",\n    \"function\": \"\",\n    \"isOverseasVersion\": true,\n    \"module\": \"\",\n    \"pcId\": \"29b8db7c935a0cbdba61dd894eab4ff9\",\n    \"printerType\": \"\",\n    \"province\": \"Auckland\",\n    \"timestamp\": 1739870200,\n    \"title\": \"\",\n    \"userId\": 0\n}\n"
2025-02-18 22:16:40 [WARN] void __cdecl ACCloudNetRequest::onEvent(struct NetworkRequest::EventData)
, event.event = 13, status = 0, code = 1, msg = Login successful
2025-02-18 22:16:40 [WARN] void __cdecl ACCloudNetRequest::onLoginResult(void)
nickName = theepicb
2025-02-18 22:16:40 [WARN] void __cdecl ACCloudNetRequest::getFileList(const struct FileListRequest *)
page = 1, limit = 50, fileType = 0, orderby = 1, machine_type = 0, loginStatus = 1
2025-02-18 22:16:40 [WARN] void __cdecl MyFileListModel::onLoginResult(void)
2025-02-18 22:16:40 [WARN] void __cdecl PrintersDataModel::onLoginResult(void)
2025-02-18 22:16:40 [WARN] void __cdecl PrintersDataModel::setupCloudEvent(void)
m_networkStatus = 1
2025-02-18 22:16:40 [WARN] void __cdecl ACCloudNetRequest::setupCloudEvent(void), -- 1
2025-02-18 22:16:40 [WARN] void __cdecl ACCloudNetRequest::setupCloudEvent(void), -- 2
2025-02-18 22:16:40 [WARN] void __cdecl ACCloudNetRequest::getMessageCount(void)
2025-02-18 22:16:40 [WARN] void __cdecl ACCloudNetRequest::getMessageList(int,int,int)
msgtype = 1, pageIndex = 1, pageSize = 1
2025-02-18 22:16:40 [WARN] void __cdecl CloudMsgNotifyListModel::onLoginResult(void)
2025-02-18 22:16:40 [WARN] void __cdecl ACCloudGaSupport::doReportLoginResult(const class QString &,const class QString &,const bool &,const class QString &)
loginType = auto_login, loginMethod = email, isSuccess = 1, failReason = Login successful
2025-02-18 22:16:40 [WARN] void __cdecl ACCloudManager::onLoginResult(void), nickName = theepicb, userId = 13149, doReportLoginResult finish
2025-02-18 22:16:40 [INFO] sendData:  "{\n    \"appName\": \"AnycubicPhotonWorkshop_V3.3.2\",\n    \"appVersion\": \"v3.3.2\",\n    \"business\": \"\",\n    \"city\": \"0\",\n    \"country\": \"\xE6\x96\xB0\xE8\xA5\xBF\xE5\x85\xB0\",\n    \"elementContent\": \"\",\n    \"elementType\": \"\",\n    \"eventName\": \"AppStart\",\n    \"function\": \"\",\n    \"isOverseasVersion\": true,\n    \"module\": \"\",\n    \"pcId\": \"29b8db7c935a0cbdba61dd894eab4ff9\",\n    \"printerType\": \"\",\n    \"province\": \"Auckland\",\n    \"timestamp\": 1739870200,\n    \"title\": \"\",\n    \"userId\": 13149\n}\n"
2025-02-18 22:16:40 [INFO] sendData:  "{\n    \"appName\": \"AnycubicPhotonWorkshop_V3.3.2\",\n    \"appVersion\": \"v3.3.2\",\n    \"business\": \"\",\n    \"city\": \"0\",\n    \"country\": \"\xE6\x96\xB0\xE8\xA5\xBF\xE5\x85\xB0\",\n    \"elementContent\": \"\",\n    \"elementType\": \"\",\n    \"eventName\": \"LoginResult\",\n    \"function\": \"\",\n    \"isOverseasVersion\": true,\n    \"module\": \"\",\n    \"pcId\": \"29b8db7c935a0cbdba61dd894eab4ff9\",\n    \"printerType\": \"\",\n    \"province\": \"Auckland\",\n    \"timestamp\": 1739870200,\n    \"title\": \"\",\n    \"userId\": 13149\n}\n"
2025-02-18 22:16:41 [INFO] send post data success!
2025-02-18 22:16:41 [WARN] void __cdecl EventMiniHandlerCallback::event(const struct ReasonResponse *,unsigned int)
2025-02-18 22:16:41 [WARN] void __cdecl PrintersDataModel::onReasonResponse(const struct ReasonResponse *,int)
count = 242
2025-02-18 22:16:41 [INFO] scene modifyed:  false
2025-02-18 22:16:41 [INFO] save support file is success!
2025-02-18 22:16:41 [WARN] void __cdecl EventMiniHandlerCallback::event(const struct MessageListResponse *,unsigned int,unsigned int,unsigned int,unsigned int)
2025-02-18 22:16:41 [WARN] void __cdecl ACCloudNetRequest::onMessageListResponse(const struct MessageListResponse *,int,int,int,int)
count = 0, pageIndex = 1, pageSize = 50, countAll = 0
2025-02-18 22:16:41 [WARN] void __cdecl EventMiniHandlerCallback::event(const struct MessageCountResponse *,unsigned int)
2025-02-18 22:16:42 [WARN] void __cdecl PrinterEventHandlerCallback::event(const struct Anycubic::Event *)
2025-02-18 22:16:43 [INFO] AnycubicPhotonWorkshop end!
2025-02-18 22:16:43 [WARN] QThreadStorage: Thread 0x1a4bf247170 exited after QThreadStorage 7 destroyed
2025-02-21 14:57:43 [INFO] AnycubicPhotonWorkshop start!
2025-02-21 14:57:43 [INFO] argc:  2
2025-02-21 14:57:43 [WARN] "C:/Program Files/AnycubicPhotonWorkshop"
2025-02-21 14:57:43 [WARN] Successfully init crashpad
2025-02-21 14:57:43 [WARN] Unable to enumerate family ' "Alibaba PuHuiTi 3.0 55 Regular L3" '
2025-02-21 14:57:43 [WARN] Unable to enumerate family ' "Alibaba PuHuiTi 3.0 95 ExtraBold" '
2025-02-21 14:57:43 [INFO] ctk manager plugins:  "C:/Program Files/AnycubicPhotonWorkshop/plugins/"
2025-02-21 14:57:43 [INFO] Load plugin org.commontk.eventadmin success.
2025-02-21 14:57:43 [INFO] [Install Plugin] "C:/Program Files/AnycubicPhotonWorkshop/plugins/splashwindow.dll"
2025-02-21 14:57:43 [INFO] Install Plugin Success!
2025-02-21 14:57:43 [WARN] Unable to enumerate family ' "Alibaba PuHuiTi 3.0 55 Regular L3" '
2025-02-21 14:57:44 [WARN] Unable to enumerate family ' "Alibaba PuHuiTi 3.0 95 ExtraBold" '
2025-02-21 14:57:44 [INFO] [Install Plugin] "C:/Program Files/AnycubicPhotonWorkshop/plugins/printer.dll"
2025-02-21 14:57:44 [INFO] Install Plugin Success!
2025-02-21 14:57:44 [FATAL] readDataFromFile (C:/Program Files/AnycubicPhotonWorkshop/machine_type/Anycubic Photon Mono M7.pwsp) is error.
2025-02-21 14:57:44 [FATAL] loadFactoryMachine factory market Anycubic Photon Mono M7 msg retcode -1, msg retmsg: 
2025-02-21 14:57:44 [WARN] loadMachineResin currentPrinter(Anycubic Photon Mono X) init success.
2025-02-21 14:57:44 [INFO] loadMachineParamRange is success.
2025-02-21 14:57:44 [INFO] loadMachineResinType is success.
2025-02-21 14:57:44 [INFO] loadMachineResinName is success.
2025-02-21 14:57:44 [INFO] [Install Plugin] "C:/Program Files/AnycubicPhotonWorkshop/plugins/mainwindow.dll"
2025-02-21 14:57:44 [INFO] Install Plugin Success!
2025-02-21 14:57:45 [INFO] "current server is testserver. 0"
2025-02-21 14:57:45 [INFO] QVariant(QByteArray, "mqtt.anycubic.com")
2025-02-21 14:57:45 [INFO] QVariant(QByteArray, "mqtt-universe.anycubic.com")
2025-02-21 14:57:45 [INFO] QVariant(QByteArray, "8883")
2025-02-21 14:57:45 [INFO] QVariant(QByteArray, "8883")
2025-02-21 14:57:45 [INFO] "environment_url is https://workbentch.s3.us-east-2.amazonaws.com/workshop/environment.ini"
2025-02-21 14:57:45 [INFO] QmlFactory 0.11 s
2025-02-21 14:57:45 [INFO] [Install Plugin] "C:/Program Files/AnycubicPhotonWorkshop/plugins/autoupdater.dll"
2025-02-21 14:57:45 [INFO] Install Plugin Success!
2025-02-21 14:57:45 [INFO] [Install Plugin] "C:/Program Files/AnycubicPhotonWorkshop/plugins/gareport.dll"
2025-02-21 14:57:45 [INFO] Install Plugin Success!
2025-02-21 14:57:45 [INFO] [Install Plugin] "C:/Program Files/AnycubicPhotonWorkshop/plugins/accloud.dll"
2025-02-21 14:57:45 [INFO] Install Plugin Success!
2025-02-21 14:57:45 [WARN] void __cdecl ACCloudNetRequest::init(void), cn_server = mqtt.anycubic.com, cn_server_port = 8883, en_server = mqtt-universe.anycubic.com, en_server_port = 8883, url = https://cloud-universe.anycubic.com/p/p/workbench/api
2025-02-21 14:57:45 [WARN] CountriesDataModel::setCurrCountryIdn, newCurrCountryIdn = AU
2025-02-21 14:57:45 [WARN] void __cdecl ACCloudNetRequest::getCountries(void)
2025-02-21 14:57:45 [WARN] void __cdecl ACCloudNetRequest::getPrintCtrlCodeReasons(void)
2025-02-21 14:57:45 [WARN] ACCloudManager::ACCloudManager, cloud model, build_time = 2024-04-26 17:28:45, git_brance = feat/casdoor, git_hash = 6b20758, git_commit = 2024-04-26
2025-02-21 14:57:45 [INFO] [Install Plugin] "C:/Program Files/AnycubicPhotonWorkshop/plugins/facegen.dll"
2025-02-21 14:57:45 [INFO] Install Plugin Success!
2025-02-21 14:57:45 [WARN] Translation::changedSystemLanguage, language = 0
2025-02-21 14:57:45 [WARN] register  GizmoController
2025-02-21 14:57:46 [WARN] void __cdecl EventMiniHandlerCallback::event(const struct ReasonResponse *,unsigned int)
2025-02-21 14:57:47 [WARN] enableMenuShortcut menushort cut: 0
2025-02-21 14:57:47 [INFO] uiState:  false
2025-02-21 14:57:47 [WARN] enableMenuShortcut menushort cut: 0
2025-02-21 14:57:47 [WARN] QFSFileEngine::open: No file name specified
2025-02-21 14:57:47 [WARN] Cannot open file '', because: No file name specified
2025-02-21 14:57:47 [WARN] QFSFileEngine::open: No file name specified
2025-02-21 14:57:47 [WARN] Cannot open file '', because: No file name specified
2025-02-21 14:57:47 [WARN] QFSFileEngine::open: No file name specified
2025-02-21 14:57:47 [WARN] Cannot open file '', because: No file name specified
2025-02-21 14:57:47 [WARN] QFSFileEngine::open: No file name specified
2025-02-21 14:57:47 [WARN] Cannot open file '', because: No file name specified
2025-02-21 14:57:47 [WARN] QFSFileEngine::open: No file name specified
2025-02-21 14:57:47 [WARN] Cannot open file '', because: No file name specified
2025-02-21 14:57:47 [WARN] QFSFileEngine::open: No file name specified
2025-02-21 14:57:47 [WARN] Cannot open file '', because: No file name specified
2025-02-21 14:57:47 [WARN] QFSFileEngine::open: No file name specified
2025-02-21 14:57:47 [WARN] Cannot open file '', because: No file name specified
2025-02-21 14:57:47 [WARN] QFSFileEngine::open: No file name specified
2025-02-21 14:57:47 [WARN] Cannot open file '', because: No file name specified
2025-02-21 14:57:47 [WARN] xChanged 1
2025-02-21 14:57:47 [INFO] event:  "splash_window_visible" data:  QVariant(bool, false) extentionData:  QVariant(Invalid)
2025-02-21 14:57:47 [INFO] event:  "main_load" data:  QVariant(Invalid) extentionData:  QVariant(Invalid)
2025-02-21 14:57:47 [INFO] event:  "main_language_changed" data:  QVariant(int, 0) extentionData:  QVariant(Invalid)
2025-02-21 14:57:47 [WARN] void __cdecl PrintersDataModel::onReasonResponse(const struct ReasonResponse *,int)
count = 242
2025-02-21 14:57:47 [INFO] uiState:  true
2025-02-21 14:57:47 [WARN] creating renderer
2025-02-21 14:57:47 [WARN] printer valid --:  96 60
2025-02-21 14:57:47 [WARN] printer build --:  96 60
2025-02-21 14:57:47 [WARN] deltaX -- :  0
2025-02-21 14:57:47 [WARN] deltaY -- :  0
2025-02-21 14:57:47 [WARN] machine boarder width 2-------------------- 
2025-02-21 14:57:47 [WARN] create planar shadow node
2025-02-21 14:57:47 [WARN] loadGizmoRotationHead OK 576
2025-02-21 14:57:47 [INFO]  camera_manipulator::home
2025-02-21 14:57:47 [INFO]  camera_manipulator::home/ComputeBound
2025-02-21 14:57:47 [INFO]  camera_manipulator::home
2025-02-21 14:57:47 [INFO]  camera_manipulator::home/ComputeBound
2025-02-21 14:57:47 [INFO]  camera_manipulator::home/BoundingSphere
2025-02-21 14:57:47 [INFO]  camera_manipulator::home/udpate_view
2025-02-21 14:57:47 [WARN] GL Verison:  0x22b0afc00a8
2025-02-21 14:57:47 [WARN] GL Renderer:  0x22b0b017b1c
2025-02-21 14:57:47 [WARN] compile shader program ok
2025-02-21 14:57:47 [WARN] compile shader program ok
2025-02-21 14:57:47 [WARN] compile shader program ok
2025-02-21 14:57:47 [WARN] AnyGizmos::Im3d_Init      LoadCompileShader Ok
2025-02-21 14:57:47 [WARN] AnyGizmos::Im3d_Init   VAO release Ok
2025-02-21 14:57:47 [WARN] void __cdecl ACCloudNetRequest::autoLogin(enum UserInfo::LoginMethod)
2025-02-21 14:57:47 [WARN] void __cdecl ACCloudNetRequest::login(const class QString &,const class QString &,const class QString &,const class QString &,enum UserInfo::LoginMethod)
username = theepicb123@gmail.com, password = Nellie312, country = AU, loginMethod = 0, accountType = 1
2025-02-21 14:57:48 [WARN] QFSFileEngine::open: No file name specified
2025-02-21 14:57:48 [WARN] Cannot open file '', because: No file name specified
2025-02-21 14:57:48 [WARN] QFSFileEngine::open: No file name specified
2025-02-21 14:57:48 [WARN] Cannot open file '', because: No file name specified
2025-02-21 14:57:48 [INFO] event:  "updater_init_compeleted" data:  QVariant(Invalid) extentionData:  QVariant(Invalid)
2025-02-21 14:57:48 [WARN] QFSFileEngine::open: No file name specified
2025-02-21 14:57:48 [WARN] Cannot open file '', because: No file name specified
2025-02-21 14:57:48 [WARN] QFSFileEngine::open: No file name specified
2025-02-21 14:57:48 [WARN] Cannot open file '', because: No file name specified
2025-02-21 14:57:48 [WARN] void __cdecl ACCloudNetRequest::getCountries(void)
2025-02-21 14:57:48 [WARN] void __cdecl ACCloudNetRequest::getPrintCtrlCodeReasons(void)
2025-02-21 14:57:48 [INFO] event:  "accloud_start_init" data:  QVariant(int, 0) extentionData:  QVariant(int, 0)
2025-02-21 14:57:48 [INFO] send post data success!
2025-02-21 14:57:48 [INFO] parseImportFiles other files: C:\Users\Ethan\Documents\mtg game recoded\MTG-game-recoded\sprites\cards\mat39f
2025-02-21 14:57:48 [INFO] parseImportFiles other files: C:\Users\Ethan\Documents\mtg game recoded\MTG-game-recoded\sprites\cards\mat39f
2025-02-21 14:57:48 [WARN] QFSFileEngine::open: No file name specified
2025-02-21 14:57:48 [WARN] Cannot open file '', because: No file name specified
2025-02-21 14:57:48 [INFO] uiState:  false
2025-02-21 14:57:48 [WARN] enableMenuShortcut menushort cut: 32
2025-02-21 14:57:48 [INFO] "doReportImportModelResult!"
2025-02-21 14:57:48 [INFO] event:  "ga_report" data:  QVariant(QByteArray, "{\n    \"business\": \"model_prepare\",\n    \"elementContent\": \"Import Files\",\n    \"elementType\": \"BUTTON\",\n    \"event\": \"ImportModelResult\",\n    \"function\": \"import_model\",\n    \"module\": \"menu_bar\",\n    \"printerType\": \"LCD\",\n    \"title\": \"\"\n}\n") extentionData:  QVariant(QByteArray, "{\n    \"importType\": \"4\",\n    \"modelInformation\": [\n        {\n            \"fileName\": \"mat39f\",\n            \"fileSize\": 1537161,\n            \"fileType\": \"\",\n            \"isSuccess\": 1\n        }\n    ],\n    \"numberOfModel\": 1\n}\n")
2025-02-21 14:57:48 [INFO] "start check autoUpdater!"
2025-02-21 14:57:48 [INFO] event:  "updater_check" data:  QVariant(Invalid) extentionData:  QVariant(Invalid)
2025-02-21 14:57:48 [WARN] QFSFileEngine::open: No file name specified
2025-02-21 14:57:48 [WARN] Cannot open file '', because: No file name specified
2025-02-21 14:57:48 [WARN] QFSFileEngine::open: No file name specified
2025-02-21 14:57:48 [WARN] Cannot open file '', because: No file name specified
2025-02-21 14:57:48 [WARN] QFSFileEngine::open: No file name specified
2025-02-21 14:57:48 [WARN] Cannot open file '', because: No file name specified
2025-02-21 14:57:48 [WARN] QFSFileEngine::open: No file name specified
2025-02-21 14:57:48 [WARN] Cannot open file '', because: No file name specified
2025-02-21 14:57:48 [WARN] QFSFileEngine::open: No file name specified
2025-02-21 14:57:48 [WARN] Cannot open file '', because: No file name specified
2025-02-21 14:57:48 [WARN] QFSFileEngine::open: No file name specified
2025-02-21 14:57:48 [WARN] Cannot open file '', because: No file name specified
2025-02-21 14:57:48 [WARN] QFSFileEngine::open: No file name specified
2025-02-21 14:57:48 [WARN] Cannot open file '', because: No file name specified
2025-02-21 14:57:48 [WARN] QFSFileEngine::open: No file name specified
2025-02-21 14:57:48 [WARN] Cannot open file '', because: No file name specified
2025-02-21 14:57:48 [WARN] QFSFileEngine::open: No file name specified
2025-02-21 14:57:48 [WARN] Cannot open file '', because: No file name specified
2025-02-21 14:57:48 [WARN] QFSFileEngine::open: No file name specified
2025-02-21 14:57:48 [WARN] Cannot open file '', because: No file name specified
2025-02-21 14:57:48 [WARN] QFSFileEngine::open: No file name specified
2025-02-21 14:57:48 [WARN] Cannot open file '', because: No file name specified
2025-02-21 14:57:48 [WARN] QFSFileEngine::open: No file name specified
2025-02-21 14:57:48 [WARN] Cannot open file '', because: No file name specified
2025-02-21 14:57:48 [WARN] QFSFileEngine::open: No file name specified
2025-02-21 14:57:48 [WARN] Cannot open file '', because: No file name specified
2025-02-21 14:57:48 [WARN] QFSFileEngine::open: No file name specified
2025-02-21 14:57:48 [WARN] Cannot open file '', because: No file name specified
2025-02-21 14:57:48 [WARN] QFSFileEngine::open: No file name specified
2025-02-21 14:57:48 [WARN] Cannot open file '', because: No file name specified
2025-02-21 14:57:48 [WARN] QFSFileEngine::open: No file name specified
2025-02-21 14:57:48 [WARN] Cannot open file '', because: No file name specified
2025-02-21 14:57:48 [WARN] QFSFileEngine::open: No file name specified
2025-02-21 14:57:48 [WARN] Cannot open file '', because: No file name specified
2025-02-21 14:57:48 [WARN] QFSFileEngine::open: No file name specified
2025-02-21 14:57:48 [WARN] Cannot open file '', because: No file name specified
2025-02-21 14:57:48 [WARN] QFSFileEngine::open: No file name specified
2025-02-21 14:57:48 [WARN] Cannot open file '', because: No file name specified
2025-02-21 14:57:49 [WARN] QFSFileEngine::open: No file name specified
2025-02-21 14:57:49 [WARN] Cannot open file '', because: No file name specified
2025-02-21 14:57:49 [WARN] QFSFileEngine::open: No file name specified
2025-02-21 14:57:49 [WARN] Cannot open file '', because: No file name specified
2025-02-21 14:57:49 [WARN] QFSFileEngine::open: No file name specified
2025-02-21 14:57:49 [WARN] Cannot open file '', because: No file name specified
2025-02-21 14:57:49 [WARN] QFSFileEngine::open: No file name specified
2025-02-21 14:57:49 [WARN] Cannot open file '', because: No file name specified
2025-02-21 14:57:49 [WARN] QFSFileEngine::open: No file name specified
2025-02-21 14:57:49 [WARN] Cannot open file '', because: No file name specified
2025-02-21 14:57:49 [WARN] QFSFileEngine::open: No file name specified
2025-02-21 14:57:49 [WARN] Cannot open file '', because: No file name specified
2025-02-21 14:57:49 [WARN] QFSFileEngine::open: No file name specified
2025-02-21 14:57:49 [WARN] Cannot open file '', because: No file name specified
2025-02-21 14:57:49 [INFO] sendData:  "{\n    \"appName\": \"AnycubicPhotonWorkshop_V3.3.2\",\n    \"appVersion\": \"v3.3.2\",\n    \"business\": \"\",\n    \"city\": \"0\",\n    \"country\": \"\xE6\x96\xB0\xE8\xA5\xBF\xE5\x85\xB0\",\n    \"elementContent\": \"\",\n    \"elementType\": \"\",\n    \"eventName\": \"ImportModelResult\",\n    \"function\": \"\",\n    \"isOverseasVersion\": true,\n    \"module\": \"\",\n    \"pcId\": \"29b8db7c935a0cbdba61dd894eab4ff9\",\n    \"printerType\": \"\",\n    \"province\": \"Auckland\",\n    \"timestamp\": 1740103069,\n    \"title\": \"\",\n    \"userId\": 0\n}\n"
2025-02-21 14:57:49 [WARN] void __cdecl ACCloudNetRequest::onEvent(struct NetworkRequest::EventData)
, event.event = 13, status = 0, code = 1, msg = Login successful
2025-02-21 14:57:49 [WARN] void __cdecl ACCloudNetRequest::onLoginResult(void)
nickName = theepicb
2025-02-21 14:57:49 [WARN] void __cdecl ACCloudNetRequest::getFileList(const struct FileListRequest *)
page = 1, limit = 50, fileType = 0, orderby = 1, machine_type = 0, loginStatus = 1
2025-02-21 14:57:49 [WARN] void __cdecl MyFileListModel::onLoginResult(void)
2025-02-21 14:57:49 [WARN] void __cdecl PrintersDataModel::onLoginResult(void)
2025-02-21 14:57:49 [WARN] void __cdecl PrintersDataModel::setupCloudEvent(void)
m_networkStatus = 1
2025-02-21 14:57:49 [WARN] void __cdecl ACCloudNetRequest::setupCloudEvent(void), -- 1
2025-02-21 14:57:49 [WARN] void __cdecl ACCloudNetRequest::setupCloudEvent(void), -- 2
2025-02-21 14:57:49 [WARN] void __cdecl ACCloudNetRequest::getMessageCount(void)
2025-02-21 14:57:49 [WARN] void __cdecl ACCloudNetRequest::getMessageList(int,int,int)
msgtype = 1, pageIndex = 1, pageSize = 1
2025-02-21 14:57:49 [WARN] void __cdecl CloudMsgNotifyListModel::onLoginResult(void)
2025-02-21 14:57:49 [WARN] void __cdecl ACCloudGaSupport::doReportLoginResult(const class QString &,const class QString &,const bool &,const class QString &)
loginType = auto_login, loginMethod = email, isSuccess = 1, failReason = Login successful
2025-02-21 14:57:49 [WARN] void __cdecl ACCloudManager::onLoginResult(void), nickName = theepicb, userId = 13149, doReportLoginResult finish
2025-02-21 14:57:49 [WARN] void __cdecl EventMiniHandlerCallback::event(const struct ReasonResponse *,unsigned int)
2025-02-21 14:57:49 [WARN] void __cdecl PrintersDataModel::onReasonResponse(const struct ReasonResponse *,int)
count = 242
2025-02-21 14:57:49 [INFO] sendData:  "{\n    \"appName\": \"AnycubicPhotonWorkshop_V3.3.2\",\n    \"appVersion\": \"v3.3.2\",\n    \"business\": \"\",\n    \"city\": \"0\",\n    \"country\": \"\xE6\x96\xB0\xE8\xA5\xBF\xE5\x85\xB0\",\n    \"elementContent\": \"\",\n    \"elementType\": \"\",\n    \"eventName\": \"AppStart\",\n    \"function\": \"\",\n    \"isOverseasVersion\": true,\n    \"module\": \"\",\n    \"pcId\": \"29b8db7c935a0cbdba61dd894eab4ff9\",\n    \"printerType\": \"\",\n    \"province\": \"Auckland\",\n    \"timestamp\": 1740103069,\n    \"title\": \"\",\n    \"userId\": 13149\n}\n"
2025-02-21 14:57:49 [INFO] sendData:  "{\n    \"appName\": \"AnycubicPhotonWorkshop_V3.3.2\",\n    \"appVersion\": \"v3.3.2\",\n    \"business\": \"\",\n    \"city\": \"0\",\n    \"country\": \"\xE6\x96\xB0\xE8\xA5\xBF\xE5\x85\xB0\",\n    \"elementContent\": \"\",\n    \"elementType\": \"\",\n    \"eventName\": \"LoginResult\",\n    \"function\": \"\",\n    \"isOverseasVersion\": true,\n    \"module\": \"\",\n    \"pcId\": \"29b8db7c935a0cbdba61dd894eab4ff9\",\n    \"printerType\": \"\",\n    \"province\": \"Auckland\",\n    \"timestamp\": 1740103069,\n    \"title\": \"\",\n    \"userId\": 13149\n}\n"
2025-02-21 14:57:49 [INFO] uiState:  true
2025-02-21 14:57:49 [WARN] enableMenuShortcut menushort cut: 0
2025-02-21 14:57:49 [INFO] send post data success!
2025-02-21 14:57:50 [WARN] MyFileListModel::onFileLists, pageIndex = 1, pageSize = 50, countAll = 1, size = 1
2025-02-21 14:57:50 [WARN] void __cdecl EventMiniHandlerCallback::event(const struct MessageListResponse *,unsigned int,unsigned int,unsigned int,unsigned int)
2025-02-21 14:57:50 [WARN] void __cdecl ACCloudNetRequest::onMessageListResponse(const struct MessageListResponse *,int,int,int,int)
count = 0, pageIndex = 1, pageSize = 50, countAll = 0
2025-02-21 14:57:50 [WARN] CloudMsgNotifyListModel::onMessageListResponse, count = 0, pageIndex = 1, pageSize = 50, countAll = 0
2025-02-21 14:57:50 [WARN] void __cdecl EventMiniHandlerCallback::event(const struct MessageCountResponse *,unsigned int)
2025-02-21 14:57:50 [WARN] void __cdecl CloudMsgNotifyListModel::onMessageCountResponse(const struct MessageCountResponse *,int), count = 3
2025-02-21 14:57:50 [INFO] uiState:  false
2025-02-21 14:57:50 [INFO] send post data success!
2025-02-21 14:57:50 [INFO] scene modifyed:  false
2025-02-21 14:57:50 [INFO] save support file is success!
2025-02-21 14:57:50 [WARN] void __cdecl PrinterEventHandlerCallback::event(const struct Anycubic::Event *)
2025-02-21 14:57:50 [INFO] AnycubicPhotonWorkshop end!
2025-02-21 14:57:50 [WARN] QThreadStorage: Thread 0x22b75efb110 exited after QThreadStorage 7 destroyed
